{"Timestamp": "2026-03-21T14:30:36.538500Z", "User_ID": "anonymous", "Endpoint": "/", "Request_Hash": "4e55b78582637b6b09bf37b3306b012d07b525ecdd01e1e50aec9de755c7c3ee", "Status_Code": 200}
{"Timestamp": "2026-03-21T14:30:36.544784Z", "User_ID": "anonymous", "Endpoint": "/token", "Request_Hash": "009d6aa93a0da767678df21e7dee1eaf91109639e5b4b3de9f36b2101f07f47c", "Status_Code": 200}
{"Timestamp": "2026-03-21T14:30:36.553615Z", "User_ID": "anonymous", "Endpoint": "/token", "Request_Hash": "3257d7808229132c914f8715ad7d247f00205641fc52ba7393c7a6709bfb6c95", "Status_Code": 401}
{"Timestamp": "2026-03-21T14:30:36.556729Z", "User_ID": "anonymous", "Endpoint": "/api/v1/genes/P12345", "Request_Hash": "bed8b445546b9c2dcfcce7beab1da121d6348c2adc988b7afb8149701b665160", "Status_Code": 401}
{"Timestamp": "2026-03-21T14:30:36.559882Z", "User_ID": "anonymous", "Endpoint": "/token", "Request_Hash": "4aa8c6fe393db81020284077bba107faec6c2df76b386d70fd729f2eaee7fdcf", "Status_Code": 200}
{"Timestamp": "2026-03-21T14:30:36.562234Z", "User_ID": "admin", "Endpoint": "/api/v1/genes/P12345", "Request_Hash": "963910fb651d1dd7c6d7f76691013784ae26dede43aad01b0f624b0980092c19", "Status_Code": 200}
{"Timestamp": "2026-03-21T14:30:36.565153Z", "User_ID": "anonymous", "Endpoint": "/token", "Request_Hash": "2bbd9fe5c41d2a510ae33b363bab1d021a269c9b6f9ea10c2ee44e65b6fd4c94", "Status_Code": 200}
{"Timestamp": "2026-03-21T14:30:36.567537Z", "User_ID": "admin", "Endpoint": "/api/v1/discovery/graph", "Request_Hash": "fa9e2d66f78c9c4d7adad585365cdd73623fc658d544c4e7424ae32e3625be10", "Status_Code": 200}
{"Timestamp": "2026-03-21T14:30:36.570626Z", "User_ID": "anonymous", "Endpoint": "/", "Request_Hash": "2249905597d6355ea94fe4cf20aabec44f9d9bbe25b4bb9a591e1ead69bfb15c", "Status_Code": 200}
{"Timestamp": "2026-03-21T14:36:56.517238+00:00", "User_ID": "anonymous", "Endpoint": "/", "Request_Hash": "0470dc70289d94ce71b93bf338c9dd9fbb4dd70dca5dc599d4f299448bfe93c0", "Status_Code": 200}
{"Timestamp": "2026-03-21T14:36:56.524214+00:00", "User_ID": "anonymous", "Endpoint": "/token", "Request_Hash": "831626f3239c52e3def05b7bffda3333335ae863e2e9ceab3cb635d704949a76", "Status_Code": 200}
{"Timestamp": "2026-03-21T14:36:56.541471+00:00", "User_ID": "anonymous", "Endpoint": "/token", "Request_Hash": "e677df1bc1c50b152c2202177be30ed0cef06b372c18165dbe844df588d47e3a", "Status_Code": 401}
{"Timestamp": "2026-03-21T14:36:56.553889+00:00", "User_ID": "anonymous", "Endpoint": "/api/v1/genes/P12345", "Request_Hash": "f2ce2fa89011cce69efc67dbf92eab29762d6361208fedd1e90da0e1a5f495ab", "Status_Code": 401}
{"Timestamp": "2026-03-21T14:36:56.558283+00:00", "User_ID": "anonymous", "Endpoint": "/token", "Request_Hash": "4d6e0a44b9ad08681dce519335fae67d62c07b5c196785e471f7c56f9c7f8672", "Status_Code": 200}
{"Timestamp": "2026-03-21T14:36:56.569688+00:00", "User_ID": "admin", "Endpoint": "/api/v1/genes/P12345", "Request_Hash": "339c6577aff282248e6fbd2fc34f2efcff5b3e628d56f715972f320480797b68", "Status_Code": 503}
{"Timestamp": "2026-03-21T14:36:56.625252+00:00", "User_ID": "anonymous", "Endpoint": "/token", "Request_Hash": "46f6bc398edb30b25c9974a24eadec3c8305fa6cbd466bc44668d2b733820a98", "Status_Code": 200}
{"Timestamp": "2026-03-21T14:36:56.636647+00:00", "User_ID": "admin", "Endpoint": "/api/v1/discovery/graph", "Request_Hash": "496b87dac0fdea0ec9a19b313d992fa33b08b2df05a472066afe17d044b0a2de", "Status_Code": 503}
{"Timestamp": "2026-03-21T14:36:56.643988+00:00", "User_ID": "anonymous", "Endpoint": "/", "Request_Hash": "c4d1bcaf82c99b10c45d756b3e73eb62bae9c34b64ca42bbc12d0fe1b2477547", "Status_Code": 200}
{"Timestamp": "2026-03-21T17:19:16.205306+00:00", "User_ID": "anonymous", "Endpoint": "/token", "Request_Hash": "0043c55c2951e113ef385dfd3c9b7ded632bbe9d003e77f0c93cc9aeff4c5ed1", "Status_Code": 200}
{"Timestamp": "2026-03-21T17:19:16.348917+00:00", "User_ID": "anonymous", "Endpoint": "/", "Request_Hash": "1e543af92e3e1019ecc6ec817afbbdab8a9cca48422608893630d76e86563c79", "Status_Code": 200}
{"Timestamp": "2026-03-21T17:23:04.053717+00:00", "User_ID": "admin", "Endpoint": "/api/v1/discovery/triplets", "Request_Hash": "c0921ba1afc253ab0ae135ceb0fd8101d15c1096776643d3520766459c696bf3", "Status_Code": 200}
{"Timestamp": "2026-03-21T17:23:49.261847+00:00", "User_ID": "admin", "Endpoint": "/api/v1/discovery/triplets", "Request_Hash": "50193aa0d19e253edbaa452d87b555f3c94e4a9549013f2ebcb9cae822c66f91", "Status_Code": 502}
{"Timestamp": "2026-03-21T17:25:01.558022+00:00", "User_ID": "admin", "Endpoint": "/api/v1/discovery/triplets", "Request_Hash": "49e2f758a0bea7e2e8546f04fc980d8cce39cb10a3b00dbbb9a68221418f5b63", "Status_Code": 502}
{"Timestamp": "2026-03-21T17:25:36.566790+00:00", "User_ID": "admin", "Endpoint": "/api/v1/discovery/triplets", "Request_Hash": "5893ccbfef4331bc5f4b2f623013d97c1da76fd403e67cbee559c1b1e93f36d4", "Status_Code": 200}
{"Timestamp": "2026-03-21T17:25:50.993891+00:00", "User_ID": "admin", "Endpoint": "/api/v1/genes/P00533", "Request_Hash": "a9ae5f04f84d0e153fe97be7aac02ad9642fc01ef64673b7567eb274e33ff985", "Status_Code": 200}
{"Timestamp": "2026-03-21T17:29:55.457664+00:00", "User_ID": "admin", "Endpoint": "/api/v1/discovery/triplets", "Request_Hash": "6aeafe5a59cc35cc03758724e08be7e66bfe52d6da084c7f4ca2cd0fda2c1622", "Status_Code": 200}
{"Timestamp": "2026-03-21T17:30:26.134779+00:00", "User_ID": "admin", "Endpoint": "/api/v1/discovery/triplets", "Request_Hash": "dd00b8c5396b969208973434e06bc78614ae09f856c5e0a729687ea0dee0e097", "Status_Code": 200}
{"Timestamp": "2026-03-21T17:30:27.221379+00:00", "User_ID": "admin", "Endpoint": "/api/v1/discovery/triplets", "Request_Hash": "49f0f8b34bb745d5d55b454f05a4cc9cf23df38fac30823c7552e5c1e1f68adc", "Status_Code": 200}
{"Timestamp": "2026-03-21T17:30:28.238385+00:00", "User_ID": "admin", "Endpoint": "/api/v1/discovery/triplets", "Request_Hash": "bf0a49deffd26aa7001040d766c7618101c6a63dfc8853f4712d8ccb96d72762", "Status_Code": 200}
{"Timestamp": "2026-03-21T17:30:29.205465+00:00", "User_ID": "admin", "Endpoint": "/api/v1/discovery/triplets", "Request_Hash": "faed2b9006ee4a39ae3a929d6b6d82fd444722a447059a3e194bd06737b86763", "Status_Code": 200}
{"Timestamp": "2026-03-21T17:31:17.292314+00:00", "User_ID": "admin", "Endpoint": "/api/v1/discovery/triplets", "Request_Hash": "4c55892a7d664304670eaa61ae8572ce18a432235de43fed85d536f65fa0b641", "Status_Code": 200}
{"Timestamp": "2026-03-21T17:31:18.418753+00:00", "User_ID": "admin", "Endpoint": "/api/v1/discovery/triplets", "Request_Hash": "c692b08c37791b87bf84fb165ba631028e10a2b30cf30565294dc7be0f321258", "Status_Code": 200}
{"Timestamp": "2026-03-21T17:31:19.126722+00:00", "User_ID": "admin", "Endpoint": "/api/v1/discovery/triplets", "Request_Hash": "5bb634cff27e1bd51257d8aeb498178432ea5b8552964ec33fbdede5e3ab3b01", "Status_Code": 200}
{"Timestamp": "2026-03-21T17:31:19.833965+00:00", "User_ID": "admin", "Endpoint": "/api/v1/discovery/triplets", "Request_Hash": "bfc65c5fb806a04b71fbd7338902ffb3c1d66023d16ae08a0675be36486d798a", "Status_Code": 200}
{"Timestamp": "2026-03-21T17:32:03.652806+00:00", "User_ID": "admin", "Endpoint": "/api/v1/discovery/triplets", "Request_Hash": "6516d4f9e6a635381cb92f20eb118b66a9a480972aeb6f4cd915d65969b5aa37", "Status_Code": 200}
{"Timestamp": "2026-03-21T17:32:18.972982+00:00", "User_ID": "admin", "Endpoint": "/api/v1/discovery/triplets", "Request_Hash": "0c8234185204dd672b7450b3f5cf9e4f3757c49e79cefb527c04e3d00c60bf08", "Status_Code": 200}
{"Timestamp": "2026-03-21T17:33:15.758034+00:00", "User_ID": "admin", "Endpoint": "/api/v1/discovery/triplets", "Request_Hash": "807cfa240952f2a72746ff07862c29989e10a0e8c58fa004810f4d666859729d", "Status_Code": 200}
{"Timestamp": "2026-03-21T17:33:33.657097+00:00", "User_ID": "anonymous", "Endpoint": "/api/v1/discovery/triplets", "Request_Hash": "d8d178e4d64b9b0eb872e1aa11e5a4bae2157899caedb60a9346520e60372efb", "Status_Code": 200}
{"Timestamp": "2026-03-21T17:33:33.888792+00:00", "User_ID": "admin", "Endpoint": "/api/v1/discovery/triplets", "Request_Hash": "30e330fd1c58444706aa858a9973c454a18263dde0c6dc4acf5b22cc41965f97", "Status_Code": 200}
{"Timestamp": "2026-03-21T17:54:22.841474+00:00", "User_ID": "anonymous", "Endpoint": "/token", "Request_Hash": "6fc9764c8f95fa7cc508614506bb9aea9295db11fcce340703ae09ae4d3e7330", "Status_Code": 200}
{"Timestamp": "2026-03-21T17:54:23.435160+00:00", "User_ID": "anonymous", "Endpoint": "/api/v1/discovery/triplets", "Request_Hash": "a203d3ef6c0c30729f8d0736151e83d75eda050de28c8febca679d435a75a27f", "Status_Code": 200}
{"Timestamp": "2026-03-21T17:54:23.587949+00:00", "User_ID": "admin", "Endpoint": "/api/v1/discovery/triplets", "Request_Hash": "0d9e8059d9a1918b499ec1ebb097dbf8c612400afad0ac78fbf9c133bd64b8c4", "Status_Code": 200}
{"Timestamp": "2026-03-21T17:54:39.093501+00:00", "User_ID": "admin", "Endpoint": "/api/v1/discovery/triplets", "Request_Hash": "3df73fb44af11ae53b8776dd174e2bd9ec1f690b6284802a09e30dfc2805c669", "Status_Code": 200}
{"Timestamp": "2026-03-21T17:54:39.444274+00:00", "User_ID": "anonymous", "Endpoint": "/api/v1/genes/P00533", "Request_Hash": "e57c7a1c9cb06ffddac4567938be24a58c24e58c51469293f426172fece0effe", "Status_Code": 200}
{"Timestamp": "2026-03-21T17:54:39.503805+00:00", "User_ID": "admin", "Endpoint": "/api/v1/genes/P00533", "Request_Hash": "d3b9ca330132bfb54c61aa6e9bfe8f955a2db08e3fc907a258f6a0669f360c9b", "Status_Code": 200}
{"Timestamp": "2026-03-21T17:55:03.380676+00:00", "User_ID": "admin", "Endpoint": "/api/v1/discovery/triplets", "Request_Hash": "de7fc435db3c1ae5e7a58c8eb00073401104905e1d3e548544b6babeb2102910", "Status_Code": 200}
{"Timestamp": "2026-03-21T17:55:49.206855+00:00", "User_ID": "anonymous", "Endpoint": "/token", "Request_Hash": "8cc11ecfe2b0ad4a81a176da62c45b73eb89f41f1b1472691efaee9471e33179", "Status_Code": 200}
{"Timestamp": "2026-03-21T17:55:49.474796+00:00", "User_ID": "admin", "Endpoint": "/api/v1/discovery/triplets", "Request_Hash": "f7ec8cb2fc32d0eecf138c08f505b178616e01c22e45a62413d2a3c81fcd93fa", "Status_Code": 200}
{"Timestamp": "2026-03-21T17:55:56.349743+00:00", "User_ID": "admin", "Endpoint": "/api/v1/discovery/triplets", "Request_Hash": "c2ed8153b764e462455745dc8aeb9d44237e1f14ad8d68f8de4edd44285cba31", "Status_Code": 200}
{"Timestamp": "2026-03-21T17:55:56.397575+00:00", "User_ID": "admin", "Endpoint": "/api/v1/genes/P00533", "Request_Hash": "93a587da023d878cc7fe7433b9ad745a795b19d85ba9d13be6c93cd66011084b", "Status_Code": 200}
{"Timestamp": "2026-03-21T17:56:02.167193+00:00", "User_ID": "admin", "Endpoint": "/api/v1/discovery/triplets", "Request_Hash": "652e0d1655b47af451f28822798002108d64a4b176ee3afe58f007e1616fece0", "Status_Code": 200}
{"Timestamp": "2026-03-21T17:56:04.296981+00:00", "User_ID": "admin", "Endpoint": "/api/v1/discovery/triplets", "Request_Hash": "df36c663467460e4f6ca4b71a21cbcf466e9b6d6b96a4d375d3358fc8c29e50d", "Status_Code": 200}
{"Timestamp": "2026-03-21T17:56:04.328036+00:00", "User_ID": "admin", "Endpoint": "/api/v1/genes/P00533", "Request_Hash": "e515fbadd2154b0c32958e3ee7832c58b399782b6ab856b2db4108febd9e7279", "Status_Code": 200}
{"Timestamp": "2026-03-21T17:56:05.291853+00:00", "User_ID": "admin", "Endpoint": "/api/v1/discovery/triplets", "Request_Hash": "09f0af966c31a8138d2cb2a18bf8e4f396aed0c9df944cbff7d76c9e7f204211", "Status_Code": 200}
{"Timestamp": "2026-03-21T17:56:12.759946+00:00", "User_ID": "anonymous", "Endpoint": "/", "Request_Hash": "3f761d879390522cfcf81d85827d5faa4000006afb29b07062882378f2684e3c", "Status_Code": 200}
{"Timestamp": "2026-03-21T17:56:12.765443+00:00", "User_ID": "anonymous", "Endpoint": "/token", "Request_Hash": "6bb02994985dcbcada0aff8436bc9115d8419a50e5ce8e3a4b4c24b29c24f735", "Status_Code": 200}
{"Timestamp": "2026-03-21T17:56:12.893801+00:00", "User_ID": "anonymous", "Endpoint": "/token", "Request_Hash": "567662cbffd26fb3a5401a8aff7fcdfd161238edbbc7e75a735f94e0b12db8e7", "Status_Code": 401}
{"Timestamp": "2026-03-21T17:56:13.040628+00:00", "User_ID": "anonymous", "Endpoint": "/api/v1/genes/P12345", "Request_Hash": "93a3c139f21012fe84f8428ae2a2f4d52436ab566142a77c10358066cc2dd37b", "Status_Code": 401}
{"Timestamp": "2026-03-21T17:56:13.045271+00:00", "User_ID": "anonymous", "Endpoint": "/token", "Request_Hash": "bd64a813f2f66287f292f849a4a615a3e78c3fec8bf4b88e649aa82e5be4767d", "Status_Code": 200}
{"Timestamp": "2026-03-21T17:56:13.203913+00:00", "User_ID": "admin", "Endpoint": "/api/v1/genes/P12345", "Request_Hash": "c9a984b81a181db847fdcbe95e3eba016e1e1410e9406a961ab67b1683013826", "Status_Code": 200}
{"Timestamp": "2026-03-21T17:56:13.210689+00:00", "User_ID": "anonymous", "Endpoint": "/token", "Request_Hash": "663929ae1bc84579d00d5aa74cd50f1355a3b3aa99501b3a5df81beefc8e0b1a", "Status_Code": 200}
{"Timestamp": "2026-03-21T17:56:13.385259+00:00", "User_ID": "admin", "Endpoint": "/api/v1/discovery/graph", "Request_Hash": "f656d4b716561bf3a69486ecd3e78ed483b1abb19383b27c4d41928e4b1bca2b", "Status_Code": 200}
{"Timestamp": "2026-03-21T17:56:13.393705+00:00", "User_ID": "anonymous", "Endpoint": "/token", "Request_Hash": "35f35e584ebbbaca7cb957a61f13c809d24c501868d1e3cd3ba2519b7ba77621", "Status_Code": 200}
{"Timestamp": "2026-03-21T17:56:13.549269+00:00", "User_ID": "admin", "Endpoint": "/api/v1/discovery/triplets", "Request_Hash": "9255274dc8c31d2aa1d184b26aa8317e901120cd74cf5d51755ccfb5abeffc5e", "Status_Code": 200}
{"Timestamp": "2026-03-21T17:56:13.554272+00:00", "User_ID": "anonymous", "Endpoint": "/", "Request_Hash": "8bf522e2667352d88bc2ebbb37d6056ff8347273241c98d467cde632e892b26a", "Status_Code": 200}
{"Timestamp": "2026-03-21T17:56:13.576059+00:00", "User_ID": "anonymous", "Endpoint": "/api/v1/genes/P12345", "Request_Hash": "e83718f8ae17fe035ea9336034382fae21c7d67678bd6c11e36274fe1ab43fc7", "Status_Code": 401}
{"Timestamp": "2026-03-21T17:56:13.588448+00:00", "User_ID": "anonymous", "Endpoint": "/token", "Request_Hash": "b85df6adc4be6569a0a81fb086a6668bd39cba0a85a6368d11f6d2e1e0ccdd1e", "Status_Code": 200}
{"Timestamp": "2026-03-21T17:56:13.723353+00:00", "User_ID": "admin", "Endpoint": "/api/v1/discovery/graph", "Request_Hash": "3a89bb020e03a1630e290e73ec4eb97cf8656f3101eacd02f2152e234b01c0a0", "Status_Code": 200}
{"Timestamp": "2026-03-21T17:56:13.738537+00:00", "User_ID": "anonymous", "Endpoint": "/token", "Request_Hash": "f634c9bf6d8963d459d1a063e34d21deb26aff85144680872f06a77c6ca1622e", "Status_Code": 200}
{"Timestamp": "2026-03-21T17:56:13.887383+00:00", "User_ID": "admin", "Endpoint": "/", "Request_Hash": "ff42ab6e791d23d3f22eb65a0be84452abe62db08f8bd4cb2588d5f54a485d0b", "Status_Code": 200}
{"Timestamp": "2026-03-21T17:56:20.781247+00:00", "User_ID": "admin", "Endpoint": "/api/v1/discovery/triplets", "Request_Hash": "146008e05a9dee19926895b592abc84e1d520ef916382217bdbeff6550bfe072", "Status_Code": 200}
{"Timestamp": "2026-03-21T17:56:23.367803+00:00", "User_ID": "admin", "Endpoint": "/api/v1/discovery/triplets", "Request_Hash": "b55609cba3068125ae05d1f37230e4fddb4a9593f4cbb1f697d23982340c16e2", "Status_Code": 200}
{"Timestamp": "2026-03-21T17:56:24.502177+00:00", "User_ID": "admin", "Endpoint": "/api/v1/discovery/triplets", "Request_Hash": "7ee6a711c389f71c561a48f10db862ad07f0528c2b9954bd6b15bf5cfb891f67", "Status_Code": 200}
{"Timestamp": "2026-03-21T17:56:25.965768+00:00", "User_ID": "admin", "Endpoint": "/api/v1/discovery/triplets", "Request_Hash": "b8805ea17d130cf91135c975345587b7ba7b6716e62789afa2a6ca36f273abdd", "Status_Code": 200}
{"Timestamp": "2026-03-21T17:56:27.050068+00:00", "User_ID": "admin", "Endpoint": "/api/v1/discovery/triplets", "Request_Hash": "af89968e29f3ee375981a8843c8ea2cba794639ec567303f1b11458075cc1bad", "Status_Code": 200}
{"Timestamp": "2026-03-21T17:56:28.263467+00:00", "User_ID": "admin", "Endpoint": "/api/v1/discovery/triplets", "Request_Hash": "34e2ac4c961827b41889628ffff291772c57df0851d8a7becb35621c3f01b162", "Status_Code": 200}
{"Timestamp": "2026-03-21T17:56:32.437663+00:00", "User_ID": "admin", "Endpoint": "/api/v1/discovery/triplets", "Request_Hash": "a8a496ad0dfa62a87d13546dd50213a89ac19b2f98279393f3b6d677856a79bf", "Status_Code": 200}
{"Timestamp": "2026-03-21T17:56:37.205834+00:00", "User_ID": "admin", "Endpoint": "/api/v1/discovery/triplets", "Request_Hash": "e10998b0a3e8b9490265d0234c83e8c4afa72583a9dfcfda33d553b23020eb14", "Status_Code": 200}
{"Timestamp": "2026-03-21T17:56:38.265122+00:00", "User_ID": "admin", "Endpoint": "/api/v1/discovery/triplets", "Request_Hash": "0c074a3b844c9bf993937c24febce6f4178ab0487baf95e799f6c970e675508a", "Status_Code": 200}
{"Timestamp": "2026-03-21T17:56:40.548808+00:00", "User_ID": "admin", "Endpoint": "/api/v1/discovery/triplets", "Request_Hash": "47449ea3ef8a331569009a19f8845f92f830ffa7062dd5e27576bcc1a6c1ffff", "Status_Code": 200}
{"Timestamp": "2026-03-21T17:56:41.430681+00:00", "User_ID": "admin", "Endpoint": "/api/v1/discovery/triplets", "Request_Hash": "3e077b77fc870a3dffa5e543aa5fcf67b7650b2d7f7876594ef4b48d9347a193", "Status_Code": 200}
{"Timestamp": "2026-03-21T17:56:51.461777+00:00", "User_ID": "anonymous", "Endpoint": "/", "Request_Hash": "ca2b0d9c66714c9ae32c5019e474852b0f7316621dbf9e62b87f1856efd605eb", "Status_Code": 200}
{"Timestamp": "2026-03-21T17:56:51.465415+00:00", "User_ID": "anonymous", "Endpoint": "/token", "Request_Hash": "f3221001e8c325a6e69de607963eab35da73b99d54eb92ffd4fd86847f96049b", "Status_Code": 200}
{"Timestamp": "2026-03-21T17:56:51.563860+00:00", "User_ID": "anonymous", "Endpoint": "/token", "Request_Hash": "e2e581fc2c7e50ffbee8b3a5f1220a67bd45151174c0d8b7ab98f657d524b53f", "Status_Code": 401}
{"Timestamp": "2026-03-21T17:56:51.661930+00:00", "User_ID": "anonymous", "Endpoint": "/api/v1/genes/P12345", "Request_Hash": "254b5f03f50aa153bd1929a379542b3becba29d0b3a352efc2980f2889e4a601", "Status_Code": 401}
{"Timestamp": "2026-03-21T17:56:51.664376+00:00", "User_ID": "anonymous", "Endpoint": "/token", "Request_Hash": "b718e8a7611f438215685016963e4a8cc82025394da63bf14b440f43903fddeb", "Status_Code": 200}
{"Timestamp": "2026-03-21T17:56:51.762394+00:00", "User_ID": "admin", "Endpoint": "/api/v1/genes/P12345", "Request_Hash": "ab5a7946248597ccec8b5b87ea341b3a64ca9f9ab7e3cce91f7362fb885162cb", "Status_Code": 200}
{"Timestamp": "2026-03-21T17:56:51.765584+00:00", "User_ID": "anonymous", "Endpoint": "/token", "Request_Hash": "48c8ad20ac81a2d9a75df08ee193ad2b8cc8a31b664a571eddb9c1953711b495", "Status_Code": 200}
{"Timestamp": "2026-03-21T17:56:51.862796+00:00", "User_ID": "admin", "Endpoint": "/api/v1/discovery/graph", "Request_Hash": "a38eedd3077beb1a568312736fec04c9f13a908255d669ecfc9e64fcbbff803e", "Status_Code": 200}
{"Timestamp": "2026-03-21T17:56:51.868194+00:00", "User_ID": "anonymous", "Endpoint": "/token", "Request_Hash": "c923dc2abe0a1a432a0a114302021bd0c2d5e53758c6be2ad536efce4c681631", "Status_Code": 200}
{"Timestamp": "2026-03-21T17:56:51.974486+00:00", "User_ID": "admin", "Endpoint": "/api/v1/discovery/triplets", "Request_Hash": "a9b52051cd1c86e3ca7058a3e28b8ee1ee40015fbb876b586537fb14e3b92141", "Status_Code": 200}
{"Timestamp": "2026-03-21T17:56:51.977895+00:00", "User_ID": "anonymous", "Endpoint": "/", "Request_Hash": "83075807af88cbf6bbb4932fa6c77bfaa61960e3829ffdd35c4c9767d4c5ce9e", "Status_Code": 200}
{"Timestamp": "2026-03-21T17:56:51.988159+00:00", "User_ID": "anonymous", "Endpoint": "/api/v1/genes/P12345", "Request_Hash": "8c0c10ae27a455834c211bf11040c3986078b5a66c61aec9d8d293aafdeffb1c", "Status_Code": 401}
{"Timestamp": "2026-03-21T17:56:51.993563+00:00", "User_ID": "anonymous", "Endpoint": "/token", "Request_Hash": "d5462d3f425d8dbf543a08940df3ea61150fe663b71499e6a7792e1f8263ca8d", "Status_Code": 200}
{"Timestamp": "2026-03-21T17:56:52.092065+00:00", "User_ID": "admin", "Endpoint": "/api/v1/discovery/graph", "Request_Hash": "9f8295ef55681af4f85505ee339066cbdf7caccfba006114bdc1e5cc4d331e93", "Status_Code": 200}
{"Timestamp": "2026-03-21T17:56:52.097089+00:00", "User_ID": "anonymous", "Endpoint": "/token", "Request_Hash": "3388aac42bb9ab2b8dbcea3ac1c77ef9f735ccf263837cd17a0edf4fb405ecf3", "Status_Code": 200}
{"Timestamp": "2026-03-21T17:56:52.207037+00:00", "User_ID": "admin", "Endpoint": "/", "Request_Hash": "82142b58fd2e7ff6f00a6500a9eb5ab58e3fc79cd054c4eec747b492554e5e66", "Status_Code": 200}
{"Timestamp": "2026-03-21T17:57:22.639930+00:00", "User_ID": "admin", "Endpoint": "/api/v1/discovery/triplets", "Request_Hash": "8cca7ffcf01920cfaf6de5d466edcc3ae26c47dca504b9e3249d2ad6db8a8ea7", "Status_Code": 200}
{"Timestamp": "2026-03-21T17:57:32.025009+00:00", "User_ID": "admin", "Endpoint": "/api/v1/discovery/triplets", "Request_Hash": "01430aed2bbac5e9a4fd3759d3654ee76f8d24df728dcc9ae4228b541744c951", "Status_Code": 200}
{"Timestamp": "2026-03-21T17:57:32.885422+00:00", "User_ID": "admin", "Endpoint": "/api/v1/discovery/triplets", "Request_Hash": "70838871d51fe87adebfd5d38a27f4a3dea8f3a5b18ca138336ef372fb6a6e13", "Status_Code": 200}
{"Timestamp": "2026-03-21T18:01:00.634806+00:00", "User_ID": "admin", "Endpoint": "/api/v1/discovery/triplets", "Request_Hash": "29d876f16c80f84a521c5747c715c62e1b2c9dd23b7e3494efb8f6efa21c7520", "Status_Code": 200}
{"Timestamp": "2026-03-21T18:01:01.669832+00:00", "User_ID": "admin", "Endpoint": "/api/v1/discovery/triplets", "Request_Hash": "b8afb0bbc89ab98201887558f6106da4f9531450b0687190286e197cb1b3c35e", "Status_Code": 200}
{"Timestamp": "2026-03-21T18:01:02.385371+00:00", "User_ID": "admin", "Endpoint": "/api/v1/discovery/triplets", "Request_Hash": "f85cd1e89850298062e1e06370eaaf6c6087d72bcc5c9a23bc25d5589a52e7b3", "Status_Code": 200}
{"Timestamp": "2026-03-21T18:09:05.022617+00:00", "User_ID": "anonymous", "Endpoint": "/", "Request_Hash": "e265e674a93eae42682da8972d492507ac9ad37256b1778cc65fa3ce91d2727f", "Status_Code": 200}
{"Timestamp": "2026-03-21T18:09:05.274984+00:00", "User_ID": "anonymous", "Endpoint": "/token", "Request_Hash": "ea9fdf8aea043ba5793a08c5064d102222b4e0f94092aa093b0c9df7961c5122", "Status_Code": 200}
{"Timestamp": "2026-03-21T18:09:07.769278+00:00", "User_ID": "anonymous", "Endpoint": "/token", "Request_Hash": "3c1495d7eed8dc46df8b1c9eabf2bf814e885aa6c224536b272ca8eb974dd12c", "Status_Code": 401}
{"Timestamp": "2026-03-21T18:09:10.449606+00:00", "User_ID": "anonymous", "Endpoint": "/api/v1/genes/P12345", "Request_Hash": "7f87f434c9b3b9f066eccf101b7a2e29eae253c4fd469a239590b43527259d9f", "Status_Code": 401}
{"Timestamp": "2026-03-21T18:09:10.520174+00:00", "User_ID": "anonymous", "Endpoint": "/token", "Request_Hash": "cc958ecd1f164a06d11626fdc25a36f50ce7c8fdcc4e76e4f7fc8817bf9fe8a7", "Status_Code": 200}
{"Timestamp": "2026-03-21T18:09:13.151467+00:00", "User_ID": "admin", "Endpoint": "/api/v1/genes/P12345", "Request_Hash": "162fed1089e53b8279a9885eaf12b07e7908523fd92bfdc2a8903986003933a2", "Status_Code": 200}
{"Timestamp": "2026-03-21T18:09:13.360893+00:00", "User_ID": "anonymous", "Endpoint": "/token", "Request_Hash": "e22d1e41b4ee2a4da364ddbe9d983bde1a1981e0e5fa903969e308f162fa4fae", "Status_Code": 200}
{"Timestamp": "2026-03-21T18:09:14.615209+00:00", "User_ID": "admin", "Endpoint": "/api/v1/discovery/graph", "Request_Hash": "f639432149f6027504d126a201d45ba60fa773342092a2100de434f7a8ddaceb", "Status_Code": 200}
{"Timestamp": "2026-03-21T18:09:15.082391+00:00", "User_ID": "anonymous", "Endpoint": "/token", "Request_Hash": "63475c756ace3c5d443c4dac7f22770421a904f49063653e7c787c84bfa958ec", "Status_Code": 200}
{"Timestamp": "2026-03-21T18:09:17.137883+00:00", "User_ID": "admin", "Endpoint": "/api/v1/discovery/triplets", "Request_Hash": "f01ac2cdc9c08c1772846322a642e61f3e8b5bc083ea6e2bdd40e6c43c2f3beb", "Status_Code": 200}
{"Timestamp": "2026-03-21T18:09:17.347735+00:00", "User_ID": "anonymous", "Endpoint": "/", "Request_Hash": "482e86dc4ea48ed51bb5e48b79b9ae72a16332ae89abed07cd86cd41e8dd8c3b", "Status_Code": 200}
{"Timestamp": "2026-03-21T18:09:17.611640+00:00", "User_ID": "anonymous", "Endpoint": "/token", "Request_Hash": "091e5d712af7bbb1cb33ae98947003b16e2d9b6b714192ee6c02871044230e16", "Status_Code": 200}
{"Timestamp": "2026-03-21T18:09:19.036443+00:00", "User_ID": "admin", "Endpoint": "/api/v1/intelligence/query", "Request_Hash": "56f29562d50a18e60dd02d26ed78c8b025d43738756db81baceb820a829d5d83", "Status_Code": 200}
{"Timestamp": "2026-03-21T18:13:04.818114+00:00", "User_ID": "anonymous", "Endpoint": "/", "Request_Hash": "bc0f2f07086468a7f0671ffb237ad564712b14fd44085555981b4302947e48cc", "Status_Code": 200}
{"Timestamp": "2026-03-21T18:14:49.616904+00:00", "User_ID": "anonymous", "Endpoint": "/token", "Request_Hash": "c674d5c0010647e3d50599cf017fa11a0099367e0b2272251399c3a9c7b95732", "Status_Code": 200}
{"Timestamp": "2026-03-21T18:14:51.131800+00:00", "User_ID": "anonymous", "Endpoint": "/api/v1/discovery/triplets", "Request_Hash": "be7dedd4d4aeb969b5811868f0690aa7db67feaae60cd269973df627390defcc", "Status_Code": 200}
{"Timestamp": "2026-03-21T18:14:51.180579+00:00", "User_ID": "admin", "Endpoint": "/api/v1/discovery/triplets", "Request_Hash": "fef27026cc9667474064f2e58b5081da4560ef2c88d0a57c39ace5f10d8f8f18", "Status_Code": 200}
{"Timestamp": "2026-03-21T18:15:01.561713+00:00", "User_ID": "anonymous", "Endpoint": "/api/v1/discovery/triplets", "Request_Hash": "8766ca320883694376f4a45fb970bef85cd496ea94fef25fa96a81dd41883833", "Status_Code": 200}
{"Timestamp": "2026-03-21T18:15:01.628472+00:00", "User_ID": "admin", "Endpoint": "/api/v1/discovery/triplets", "Request_Hash": "cad349186df8e00cb7cbda628ce2cbec3a6af1880872a3d03ed148cac217e83e", "Status_Code": 200}
{"Timestamp": "2026-03-21T18:19:39.508134+00:00", "User_ID": "admin", "Endpoint": "/api/v1/discovery/triplets", "Request_Hash": "890a9f8ea796e3d677092c18c2764a554c3a90c12d610796913351f05e5343d7", "Status_Code": 200}
{"Timestamp": "2026-03-21T18:19:50.333699+00:00", "User_ID": "admin", "Endpoint": "/api/v1/discovery/triplets", "Request_Hash": "824eed5a782f38737eb667af00c23c50fcdbca5421363ab73a4c4f85aec20f46", "Status_Code": 200}
{"Timestamp": "2026-03-21T18:20:19.199046+00:00", "User_ID": "anonymous", "Endpoint": "/token", "Request_Hash": "f64d1e28347d867afcbc85813d470d4fdef193bf77e04a72d95aaa74ffe4abac", "Status_Code": 200}
{"Timestamp": "2026-03-21T18:20:19.149765+00:00", "User_ID": "anonymous", "Endpoint": "/token", "Request_Hash": "019536b7b4cac9a583ad04c32cca01625c79de4b55eec9df74f9e869d8cd5982", "Status_Code": 200}
{"Timestamp": "2026-03-21T18:20:19.808638+00:00", "User_ID": "admin", "Endpoint": "/api/v1/discovery/triplets", "Request_Hash": "7ac4aebb8a2b64aa780e997663cf56c319a8c3eb73977f2469cbe0ef65240aba", "Status_Code": 200}
{"Timestamp": "2026-03-21T18:20:19.799951+00:00", "User_ID": "admin", "Endpoint": "/api/v1/discovery/triplets", "Request_Hash": "745e4fcd5037c714db1d7f0ce2090d84ee1ce16d7f0e6a84f948588aa2707491", "Status_Code": 200}
{"Timestamp": "2026-03-21T18:20:42.890129+00:00", "User_ID": "anonymous", "Endpoint": "/", "Request_Hash": "f80b0645e2edebd0ffdbc682f1e9ac380aeb2b8d86535948022d66c1bfd4f96c", "Status_Code": 200}
{"Timestamp": "2026-03-21T18:20:42.904420+00:00", "User_ID": "anonymous", "Endpoint": "/token", "Request_Hash": "94eeb5278c55c7dc0e80600c008db2f1314cb7fd0b617f63d57b5e91d920543c", "Status_Code": 200}
{"Timestamp": "2026-03-21T18:20:43.161133+00:00", "User_ID": "anonymous", "Endpoint": "/token", "Request_Hash": "e454a1ec572d2c6cb061c9fa72ff1d7b412c223125a2f17395377221ea66dbc5", "Status_Code": 401}
{"Timestamp": "2026-03-21T18:20:43.384353+00:00", "User_ID": "anonymous", "Endpoint": "/api/v1/genes/P12345", "Request_Hash": "5ce56a0b6c574d811ad7a23f50327ec82eef259d3dbe68777175e5137ef9ec30", "Status_Code": 401}
{"Timestamp": "2026-03-21T18:20:43.402864+00:00", "User_ID": "anonymous", "Endpoint": "/token", "Request_Hash": "aad4e981c0aba74500e85683c079963fd90cc22dcd8db254ae77fbfe7632a3ca", "Status_Code": 200}
{"Timestamp": "2026-03-21T18:20:43.752963+00:00", "User_ID": "admin", "Endpoint": "/api/v1/genes/P12345", "Request_Hash": "c3c99e5ac4aafd23fc875431075d34a7ebb282bb8f0c5c67d7a1fd3420da4b12", "Status_Code": 200}
{"Timestamp": "2026-03-21T18:20:43.794444+00:00", "User_ID": "anonymous", "Endpoint": "/token", "Request_Hash": "39cefa6be82972d7c4dcbef25b773b95de7076f074a878605d029b241492ac65", "Status_Code": 200}
{"Timestamp": "2026-03-21T18:20:44.195129+00:00", "User_ID": "admin", "Endpoint": "/api/v1/discovery/graph", "Request_Hash": "ca97e83a307be81a363e6315d6b284a691d4f19a1ecaad41fe6429b843467520", "Status_Code": 200}
{"Timestamp": "2026-03-21T18:20:44.213474+00:00", "User_ID": "anonymous", "Endpoint": "/token", "Request_Hash": "557df8bea50a9792692bccc34eff5fa5c0645a1b824ad6f5bc5cdd0f4266bae5", "Status_Code": 200}
{"Timestamp": "2026-03-21T18:20:44.457819+00:00", "User_ID": "admin", "Endpoint": "/api/v1/discovery/triplets", "Request_Hash": "728495b74e1cf0e011228a4205a3569cc800e92a985329527811d983421dde6f", "Status_Code": 200}
{"Timestamp": "2026-03-21T18:20:44.500844+00:00", "User_ID": "anonymous", "Endpoint": "/", "Request_Hash": "b9ef8ea1d709b9c6b963ae6d306b7089f4a7d520e1ef6c5f78d39ab02715ded1", "Status_Code": 200}
{"Timestamp": "2026-03-21T18:20:44.559816+00:00", "User_ID": "anonymous", "Endpoint": "/token", "Request_Hash": "d7ef707704ab28e2cccbd16f14454aac111d2eaae386dfb722720adc2ea56e2a", "Status_Code": 200}
{"Timestamp": "2026-03-21T18:20:44.838757+00:00", "User_ID": "admin", "Endpoint": "/api/v1/intelligence/query", "Request_Hash": "d3a82116e28a9d6b9e9a457fb751eba5fa51ce91812f470925f9e54cd8fa3d64", "Status_Code": 200}
{"Timestamp": "2026-03-21T18:21:07.523208+00:00", "User_ID": "anonymous", "Endpoint": "/token", "Request_Hash": "1f82838014426967fbc86754851815f86522749df12f4cf46ae2abb5843b8a7d", "Status_Code": 200}
{"Timestamp": "2026-03-21T18:21:07.533734+00:00", "User_ID": "anonymous", "Endpoint": "/token", "Request_Hash": "327d169738410c69d9b0f3cbd102c59c1ebfdb77cfa3f5681db2b87f5ea5e7f6", "Status_Code": 200}
{"Timestamp": "2026-03-21T18:21:08.708971+00:00", "User_ID": "admin", "Endpoint": "/api/v1/discovery/triplets", "Request_Hash": "6cb316db7088feafd9d85297b2a3a2dd9ce53a0cc736c4fc8151e9a108baf45a", "Status_Code": 200}
{"Timestamp": "2026-03-21T18:21:13.711504+00:00", "User_ID": "admin", "Endpoint": "/api/v1/discovery/triplets", "Request_Hash": "ed646a8bb71651fd4ebe00c6d6ba94e637a52e0024142d9b7e2fec1eab6d8928", "Status_Code": 200}
{"Timestamp": "2026-03-21T18:21:08.740431+00:00", "User_ID": "admin", "Endpoint": "/api/v1/intelligence/query", "Request_Hash": "036e00d583eb732719e2267c598b229f90901a529683ca227dc38ef9526666d1", "Status_Code": 503}
{"Timestamp": "2026-03-21T18:27:30.774275+00:00", "User_ID": "anonymous", "Endpoint": "/", "Request_Hash": "00a0b27719485a9f538114cd788aa1c2f0d19fc730cc2472c62aaf17c0f73858", "Status_Code": 200}
{"Timestamp": "2026-03-21T18:27:30.673160+00:00", "User_ID": "anonymous", "Endpoint": "/token", "Request_Hash": "c4d3656b32bb19e602f1876dcbb757a9ffd2173dde5c9c1d904992902f5465b1", "Status_Code": 200}
{"Timestamp": "2026-03-21T18:28:07.425455+00:00", "User_ID": "anonymous", "Endpoint": "/token", "Request_Hash": "21367c642568919b63940b130dc7ffc629f9015aa9a5eb9658ba65a5d25014f8", "Status_Code": 200}
{"Timestamp": "2026-03-21T18:28:09.170471+00:00", "User_ID": "admin", "Endpoint": "/api/v1/intelligence/query", "Request_Hash": "207da309287a75a94a3db35579ef8d04d88536cd1b1593cb79cd154c9b443a0c", "Status_Code": 200}
{"Timestamp": "2026-03-21T18:37:30.311878+00:00", "User_ID": "anonymous", "Endpoint": "/api/v1/discovery/triplets", "Request_Hash": "389d430110531d698e488add8abbf4d0b52b031eb205423401cb05214fd1d07d", "Status_Code": 200}
{"Timestamp": "2026-03-21T18:37:30.593602+00:00", "User_ID": "admin", "Endpoint": "/api/v1/discovery/triplets", "Request_Hash": "f0cddeaff26400361bad5e60310c7ea200b1580786e5437508e8d45865fffc21", "Status_Code": 200}
{"Timestamp": "2026-03-21T18:37:47.156276+00:00", "User_ID": "anonymous", "Endpoint": "/api/v1/discovery/triplets", "Request_Hash": "e4b675a1cae940c169caa26eeecc9f95d53fa5b07727aaf0c8ef3db710dee2bc", "Status_Code": 200}
{"Timestamp": "2026-03-21T18:37:47.199067+00:00", "User_ID": "admin", "Endpoint": "/api/v1/discovery/triplets", "Request_Hash": "e67c8c7dde6e5698214234ac44f007f796f81e6d7aa86c8e36ffc2011fec570c", "Status_Code": 200}
{"Timestamp": "2026-03-21T18:38:01.085245+00:00", "User_ID": "admin", "Endpoint": "/api/v1/discovery/triplets", "Request_Hash": "c1e70eb65b1ae9e31aadb09a4a9e96e7a3e00efe01d8d3c763a781560db41896", "Status_Code": 200}
{"Timestamp": "2026-03-21T18:41:39.505535+00:00", "User_ID": "admin", "Endpoint": "/api/v1/discovery/triplets", "Request_Hash": "8c31a472f51dc54b320a779bb3b90640caf0dea7a797746b3ce4db60ebbcc11c", "Status_Code": 200}
{"Timestamp": "2026-03-21T18:41:45.488410+00:00", "User_ID": "admin", "Endpoint": "/api/v1/discovery/triplets", "Request_Hash": "b2604a488083b103da6396799df62ba8c2f87f88c3f232ce8774cf5a638b2156", "Status_Code": 200}
{"Timestamp": "2026-03-21T18:41:55.885377+00:00", "User_ID": "admin", "Endpoint": "/api/v1/discovery/triplets", "Request_Hash": "c2d26d7971a0492f5854131f2fec866d39594697483f4a6242cdb884ad677cf1", "Status_Code": 200}
{"Timestamp": "2026-03-21T18:42:11.121434+00:00", "User_ID": "anonymous", "Endpoint": "/api/v1/intelligence/query", "Request_Hash": "f8b9477f14b57945e1199a6e6bf24855c2a9a3d59a374dab7514d87022999883", "Status_Code": 200}
{"Timestamp": "2026-03-21T18:42:11.146102+00:00", "User_ID": "admin", "Endpoint": "/api/v1/intelligence/query", "Request_Hash": "a282c70f6bb23b65513c6c196e5645beca49df0800c65736e94ebd9721449028", "Status_Code": 200}
{"Timestamp": "2026-03-21T18:43:05.415819+00:00", "User_ID": "anonymous", "Endpoint": "/", "Request_Hash": "553231db2e19f8a23b9d3f4cc2fd22f43a8ad47717370f047b28af8c858b76b3", "Status_Code": 200}
{"Timestamp": "2026-03-21T18:43:05.420989+00:00", "User_ID": "anonymous", "Endpoint": "/token", "Request_Hash": "0a1e2645ee32759ba18d3e9ccdd5b59b9b6eb88bcd0b6bb082bb64750e53a4fe", "Status_Code": 200}
{"Timestamp": "2026-03-21T18:43:05.592020+00:00", "User_ID": "anonymous", "Endpoint": "/token", "Request_Hash": "5b28b763bdbc30b2759a533cab29d710bccbdcd6028d1f8fdcf3ef081324d93b", "Status_Code": 401}
{"Timestamp": "2026-03-21T18:43:05.771604+00:00", "User_ID": "anonymous", "Endpoint": "/api/v1/genes/P12345", "Request_Hash": "7835f499c470103675eb678b580a10eef93653fd3fadb68285c72f65a5dbf0ba", "Status_Code": 401}
{"Timestamp": "2026-03-21T18:43:05.776593+00:00", "User_ID": "anonymous", "Endpoint": "/token", "Request_Hash": "655b0e38ce9f99b427b3592fc4807aa5c097809b339d64b099f45312ccf48487", "Status_Code": 200}
{"Timestamp": "2026-03-21T18:43:05.981564+00:00", "User_ID": "admin", "Endpoint": "/api/v1/genes/P12345", "Request_Hash": "ded761053470d08371dbc79be6a9e162dc0452d0c50372c8456ad5dd0f1a584b", "Status_Code": 200}
{"Timestamp": "2026-03-21T18:43:05.992002+00:00", "User_ID": "anonymous", "Endpoint": "/token", "Request_Hash": "1970d48a9c68447511dd696aac9a3d0825972c8b4065b43d4decd4ccb392e6c7", "Status_Code": 200}
{"Timestamp": "2026-03-21T18:43:06.235497+00:00", "User_ID": "admin", "Endpoint": "/api/v1/discovery/graph", "Request_Hash": "adf046157cbf6f4e09586925e9a80ca079e2727a0b7e3906af1204e035a07a19", "Status_Code": 200}
{"Timestamp": "2026-03-21T18:43:06.243817+00:00", "User_ID": "anonymous", "Endpoint": "/token", "Request_Hash": "b7c61d8bf002ed5d8b10cc170437ea92d9a375b84938c5f36f5e7685c5be5035", "Status_Code": 200}
{"Timestamp": "2026-03-21T18:43:06.464333+00:00", "User_ID": "admin", "Endpoint": "/api/v1/discovery/triplets", "Request_Hash": "1310e1191b5d480f33a511725fd031f046317115678b970cfe9198288951cd0b", "Status_Code": 200}
{"Timestamp": "2026-03-21T18:43:06.470025+00:00", "User_ID": "anonymous", "Endpoint": "/", "Request_Hash": "d6e86a9064d256d6653a48f01f7c49e663cd80d5247ccc86ea5ad7ae8d39e28b", "Status_Code": 200}
{"Timestamp": "2026-03-21T18:43:06.475598+00:00", "User_ID": "anonymous", "Endpoint": "/token", "Request_Hash": "511fff8ae48c76218b2fed7ecbfceac36ca5568247b972f98e819c4141d41b7c", "Status_Code": 200}
{"Timestamp": "2026-03-21T18:43:06.637930+00:00", "User_ID": "admin", "Endpoint": "/api/v1/intelligence/query", "Request_Hash": "589f94ac6bf8f905363994277e4eb854c9962c7b8b545f168f05c20a24ea1749", "Status_Code": 200}
{"Timestamp": "2026-03-21T18:43:06.654580+00:00", "User_ID": "anonymous", "Endpoint": "/api/v1/genes/P12345", "Request_Hash": "0afc428d4ead2b50e4760ad34513606a16a7ab6d9037b65b35968222fd9ba91a", "Status_Code": 401}
{"Timestamp": "2026-03-21T18:43:06.661337+00:00", "User_ID": "anonymous", "Endpoint": "/token", "Request_Hash": "1aa97d73ad0322961ce7bed3f14e1cdc3f1554003db7be3c64f49ce660e22163", "Status_Code": 200}
{"Timestamp": "2026-03-21T18:43:06.789274+00:00", "User_ID": "admin", "Endpoint": "/api/v1/discovery/graph", "Request_Hash": "b5260353207b5b13632e859adb5293c90f7845e94afc1a3033d7d24c72dde1ff", "Status_Code": 200}
{"Timestamp": "2026-03-21T18:43:06.795895+00:00", "User_ID": "anonymous", "Endpoint": "/token", "Request_Hash": "e5b2664d991148847cf4f41f7bd7553b5cd463704e03182a1f3fafbe35281e9f", "Status_Code": 200}
{"Timestamp": "2026-03-21T18:43:06.921710+00:00", "User_ID": "admin", "Endpoint": "/", "Request_Hash": "d25c3a3e6a34fd4a458e11c9862b7af9b4001ff2d3112f93a28e3224e8df57d6", "Status_Code": 200}
{"Timestamp": "2026-03-21T18:50:25.401044+00:00", "User_ID": "anonymous", "Endpoint": "/token", "Request_Hash": "8b54bf45527c20ffaef4fac09c237e9d5b3659d0fe706596d0c3c8301bd47f6b", "Status_Code": 200}
{"Timestamp": "2026-03-21T18:50:25.995643+00:00", "User_ID": "admin", "Endpoint": "/api/v1/discovery/triplets", "Request_Hash": "f9b0afa7c73d7f8b99e59e9a0b512119302b94e724f6652a88f0481fee7970b9", "Status_Code": 200}
{"Timestamp": "2026-03-21T18:50:28.355747+00:00", "User_ID": "admin", "Endpoint": "/api/v1/discovery/triplets", "Request_Hash": "3d95d6382eae4f3eed25635588e9152c9edf92172d02d72f0ba92a77eac39436", "Status_Code": 200}
{"Timestamp": "2026-03-21T18:50:29.598676+00:00", "User_ID": "admin", "Endpoint": "/api/v1/discovery/triplets", "Request_Hash": "7f3ecefbf48167c5b7dfc370b6a7253bc600b4c714d0cc06d75537f3f2e280fb", "Status_Code": 200}
{"Timestamp": "2026-03-21T18:50:31.279881+00:00", "User_ID": "admin", "Endpoint": "/api/v1/discovery/triplets", "Request_Hash": "a197e869e65855b34f7dd9c00c27922d4e73f325a5588424d984c68a41f2f873", "Status_Code": 200}
{"Timestamp": "2026-03-21T18:50:32.348661+00:00", "User_ID": "admin", "Endpoint": "/api/v1/discovery/triplets", "Request_Hash": "a71d3e0a3f6af3f75de846b817bdac4bbeb2af44ae99879ca756c52829294e71", "Status_Code": 200}
{"Timestamp": "2026-03-21T18:50:39.798768+00:00", "User_ID": "admin", "Endpoint": "/api/v1/discovery/triplets", "Request_Hash": "c88aac6b8cfdb92a0ce4b3ad9f67c40c8e3e6e807f227c6ba622397974dc177f", "Status_Code": 200}
{"Timestamp": "2026-03-21T18:50:42.396555+00:00", "User_ID": "admin", "Endpoint": "/api/v1/discovery/triplets", "Request_Hash": "b041830d39af1f841ed7b488ad65fae151984b874bc34bd924ce924379b8549a", "Status_Code": 200}
{"Timestamp": "2026-03-21T18:50:51.717932+00:00", "User_ID": "admin", "Endpoint": "/api/v1/discovery/triplets", "Request_Hash": "9df9af026c50cc8e07607b581fb606bf5423e47b0756122123e391acafd3d503", "Status_Code": 200}
{"Timestamp": "2026-03-21T18:51:03.526200+00:00", "User_ID": "admin", "Endpoint": "/api/v1/discovery/triplets", "Request_Hash": "946d2e50d11a159c901b9b683ef30c7bc9924155b7fa681ebfb7e39e88087d8f", "Status_Code": 200}
{"Timestamp": "2026-03-21T18:51:09.400409+00:00", "User_ID": "admin", "Endpoint": "/api/v1/discovery/triplets", "Request_Hash": "b1675c7ac0221f97a5b5abcdcf71b47bd4a43374104513c3d864c1f3a3631f51", "Status_Code": 200}
{"Timestamp": "2026-03-21T18:51:10.294634+00:00", "User_ID": "admin", "Endpoint": "/api/v1/discovery/triplets", "Request_Hash": "80a33eaedbaff2961f38bc1f79393aa8a4348d25bcad0c46b7da0726868e4c28", "Status_Code": 200}
{"Timestamp": "2026-03-21T18:51:10.998728+00:00", "User_ID": "admin", "Endpoint": "/api/v1/discovery/triplets", "Request_Hash": "772fc044a804929684ed7de4d4e00b5e0f5507547fa3c8420e458f91e3ea065b", "Status_Code": 200}
{"Timestamp": "2026-03-21T18:51:27.067584+00:00", "User_ID": "admin", "Endpoint": "/api/v1/intelligence/query", "Request_Hash": "554e395f76c605446403b032691ccdff59c067aba7339ce51cc25d1431228faf", "Status_Code": 200}
{"Timestamp": "2026-03-21T18:51:35.391693+00:00", "User_ID": "admin", "Endpoint": "/api/v1/intelligence/query", "Request_Hash": "112ef3787dae0d9bf07a9b6fb39da9d70baef69eb15dcaac1b2508773f556174", "Status_Code": 200}
{"Timestamp": "2026-03-21T18:55:47.445561+00:00", "User_ID": "anonymous", "Endpoint": "/", "Request_Hash": "d5a4fd7750111450ae0f02176ab7f9029de9c1900bdc0b09916b4e09365d3389", "Status_Code": 200}
{"Timestamp": "2026-03-21T18:58:00.938024+00:00", "User_ID": "anonymous", "Endpoint": "/token", "Request_Hash": "7c2df56d013c047416ddd18782f72d7103b2140ed0f8fd85023fedb7b6ed5ef9", "Status_Code": 200}
{"Timestamp": "2026-03-21T18:58:16.386046+00:00", "User_ID": "anonymous", "Endpoint": "/token", "Request_Hash": "f52c54e6330ad85e4859e4df0f7b274b6efb80c1755642ad1e3a9ca9b0966437", "Status_Code": 200}
{"Timestamp": "2026-03-21T18:58:16.611968+00:00", "User_ID": "admin", "Endpoint": "/api/v1/intelligence/query", "Request_Hash": "908a13d30937c479abed36278c2c14f79c3ae85f312b712adc5d36c75946f6ab", "Status_Code": 200}
{"Timestamp": "2026-03-21T18:58:48.845862+00:00", "User_ID": "anonymous", "Endpoint": "/", "Request_Hash": "4878bc763f1b620d0ae992e35646bdfaa6e26b95de44e67b43aa07291cf472a8", "Status_Code": 200}
{"Timestamp": "2026-03-21T18:58:48.865070+00:00", "User_ID": "anonymous", "Endpoint": "/token", "Request_Hash": "47ac8a0d2c0ed139e683ba37d8ca24fd203edd899fac65c198a3e73bbafa16a9", "Status_Code": 200}
{"Timestamp": "2026-03-21T18:58:48.993143+00:00", "User_ID": "anonymous", "Endpoint": "/token", "Request_Hash": "feacb31ef238a0d35383bbc3c645844b4fa4eef0ade343e5eaac95242464e129", "Status_Code": 401}
{"Timestamp": "2026-03-21T18:58:49.148719+00:00", "User_ID": "anonymous", "Endpoint": "/api/v1/genes/P12345", "Request_Hash": "2182adb7b7713353cdb9a55b84d03d58a57a4cdd3042453a3b6da7e4f1ae92b3", "Status_Code": 401}
{"Timestamp": "2026-03-21T18:58:49.163373+00:00", "User_ID": "anonymous", "Endpoint": "/token", "Request_Hash": "817caa988a0714b519f14fc33a5ab3d99f4581ae347c62bddeb78e7278b7021b", "Status_Code": 200}
{"Timestamp": "2026-03-21T18:58:49.303158+00:00", "User_ID": "admin", "Endpoint": "/api/v1/genes/P12345", "Request_Hash": "d967b607c3c0a74169474eb20af1bb0d91845564bf3c6140898a97e22ed70ba0", "Status_Code": 200}
{"Timestamp": "2026-03-21T18:58:49.325566+00:00", "User_ID": "anonymous", "Endpoint": "/token", "Request_Hash": "2c7905478ce0149a735d534dc8ac8c8ec31bc9f4c97cbb3098e54b16bb688512", "Status_Code": 200}
{"Timestamp": "2026-03-21T18:58:49.472283+00:00", "User_ID": "admin", "Endpoint": "/api/v1/discovery/graph", "Request_Hash": "b64574c1cc4b7a1218ef0c7d0810b7de9d628098a1231f7e69dfcdb83c9960cf", "Status_Code": 200}
{"Timestamp": "2026-03-21T18:58:49.484202+00:00", "User_ID": "anonymous", "Endpoint": "/token", "Request_Hash": "2d4d92f3e82faeadc03dd2221d1960a74f4087cdc62d9e4ddd238b3f6f27de17", "Status_Code": 200}
{"Timestamp": "2026-03-21T18:58:49.613211+00:00", "User_ID": "admin", "Endpoint": "/api/v1/discovery/triplets", "Request_Hash": "eeb2e9381f9f34bdd4c681796c95e1f8f644fd547156098b6ae7056a53e17f9d", "Status_Code": 200}
{"Timestamp": "2026-03-21T18:58:49.623364+00:00", "User_ID": "anonymous", "Endpoint": "/", "Request_Hash": "99c2e11121c57ff27e65a5da11c4218144f421b33ad0018fc736d080744473c7", "Status_Code": 200}
{"Timestamp": "2026-03-21T18:58:49.630830+00:00", "User_ID": "anonymous", "Endpoint": "/token", "Request_Hash": "6a5f9cad6dc2075836930c405d4de47138b84138b9c276420e848b8ab8c430ea", "Status_Code": 200}
{"Timestamp": "2026-03-21T18:58:49.764905+00:00", "User_ID": "admin", "Endpoint": "/api/v1/intelligence/query", "Request_Hash": "1fea2f3edde372a6f3732c112f51191555953a0a2b3c095fd6dbbdb9a6b73013", "Status_Code": 200}
{"Timestamp": "2026-03-21T18:58:49.801414+00:00", "User_ID": "anonymous", "Endpoint": "/api/v1/genes/P12345", "Request_Hash": "9e06309133b1fa9c1fbd8481dbf4d11073ba4a48690f39a57c5f258d3420f3f3", "Status_Code": 401}
{"Timestamp": "2026-03-21T18:58:49.821409+00:00", "User_ID": "anonymous", "Endpoint": "/token", "Request_Hash": "5ce6fadc13320c1f89efc2cc39232a5f33d1d2dc6a13dea58f69831639b10a94", "Status_Code": 200}
{"Timestamp": "2026-03-21T18:58:49.948619+00:00", "User_ID": "admin", "Endpoint": "/api/v1/discovery/graph", "Request_Hash": "79869d76134f6a67931a0490ce4ba17a2d03c42c823e880d1ac4a3e60b6dde5a", "Status_Code": 200}
{"Timestamp": "2026-03-21T18:58:49.980168+00:00", "User_ID": "anonymous", "Endpoint": "/token", "Request_Hash": "979479c7e42e675f1e2e59073a3dcdfeb9eb9926e9b0f51baad2f4910eca4c95", "Status_Code": 200}
{"Timestamp": "2026-03-21T18:58:50.102914+00:00", "User_ID": "admin", "Endpoint": "/", "Request_Hash": "d63748559618d462d28e5e02a4432d7e10a8654bad54aded156ba72ddb516644", "Status_Code": 200}
